Determining if the pthread_create exist failed with the following output:
Change Dir: /home/hau/dek-soldiers/build/CMakeFiles/CMakeTmp

Run Build Command:"/usr/bin/make" "cmTC_23139/fast"
/usr/bin/make -f CMakeFiles/cmTC_23139.dir/build.make CMakeFiles/cmTC_23139.dir/build
make[1]: Entering directory '/home/hau/dek-soldiers/build/CMakeFiles/CMakeTmp'
Building C object CMakeFiles/cmTC_23139.dir/CheckSymbolExists.c.o
/usr/bin/gcc    -o CMakeFiles/cmTC_23139.dir/CheckSymbolExists.c.o   -c /home/hau/dek-soldiers/build/CMakeFiles/CMakeTmp/CheckSymbolExists.c
Linking C executable cmTC_23139
/usr/bin/cmake -E cmake_link_script CMakeFiles/cmTC_23139.dir/link.txt --verbose=1
/usr/bin/gcc      CMakeFiles/cmTC_23139.dir/CheckSymbolExists.c.o  -o cmTC_23139 
CMakeFiles/cmTC_23139.dir/CheckSymbolExists.c.o: In function `main':
CheckSymbolExists.c:(.text+0x1b): undefined reference to `pthread_create'
collect2: error: ld returned 1 exit status
CMakeFiles/cmTC_23139.dir/build.make:97: recipe for target 'cmTC_23139' failed
make[1]: *** [cmTC_23139] Error 1
make[1]: Leaving directory '/home/hau/dek-soldiers/build/CMakeFiles/CMakeTmp'
Makefile:126: recipe for target 'cmTC_23139/fast' failed
make: *** [cmTC_23139/fast] Error 2

File /home/hau/dek-soldiers/build/CMakeFiles/CMakeTmp/CheckSymbolExists.c:
/* */
#include <pthread.h>

int main(int argc, char** argv)
{
  (void)argv;
#ifndef pthread_create
  return ((int*)(&pthread_create))[argc];
#else
  (void)argc;
  return 0;
#endif
}

Determining if the function pthread_create exists in the pthreads failed with the following output:
Change Dir: /home/hau/dek-soldiers/build/CMakeFiles/CMakeTmp

Run Build Command:"/usr/bin/make" "cmTC_00c5b/fast"
/usr/bin/make -f CMakeFiles/cmTC_00c5b.dir/build.make CMakeFiles/cmTC_00c5b.dir/build
make[1]: Entering directory '/home/hau/dek-soldiers/build/CMakeFiles/CMakeTmp'
Building C object CMakeFiles/cmTC_00c5b.dir/CheckFunctionExists.c.o
/usr/bin/gcc   -DCHECK_FUNCTION_EXISTS=pthread_create   -o CMakeFiles/cmTC_00c5b.dir/CheckFunctionExists.c.o   -c /usr/share/cmake-3.10/Modules/CheckFunctionExists.c
Linking C executable cmTC_00c5b
/usr/bin/cmake -E cmake_link_script CMakeFiles/cmTC_00c5b.dir/link.txt --verbose=1
/usr/bin/gcc  -DCHECK_FUNCTION_EXISTS=pthread_create    CMakeFiles/cmTC_00c5b.dir/CheckFunctionExists.c.o  -o cmTC_00c5b -lpthreads 
/usr/bin/ld: cannot find -lpthreads
collect2: error: ld returned 1 exit status
CMakeFiles/cmTC_00c5b.dir/build.make:97: recipe for target 'cmTC_00c5b' failed
make[1]: *** [cmTC_00c5b] Error 1
make[1]: Leaving directory '/home/hau/dek-soldiers/build/CMakeFiles/CMakeTmp'
Makefile:126: recipe for target 'cmTC_00c5b/fast' failed
make: *** [cmTC_00c5b/fast] Error 2


